#-----------------------------------------------------------
# Vivado v2020.2 (64-bit)
# SW Build 3064766 on Wed Nov 18 09:12:45 MST 2020
# IP Build 3064653 on Wed Nov 18 14:17:31 MST 2020
# Start of session at: Sun Mar 23 11:23:17 2025
# Process ID: 10128
# Current directory: C:/Users/parkj/Desktop/Project2_Uart_FIFO_Stopwatch_watch/project_1
# Command line: vivado.exe -gui_launcher_event rodinguilauncherevent19776 C:\Users\parkj\Desktop\Project2_Uart_FIFO_Stopwatch_watch\project_1\project_1.xpr
# Log file: C:/Users/parkj/Desktop/Project2_Uart_FIFO_Stopwatch_watch/project_1/vivado.log
# Journal file: C:/Users/parkj/Desktop/Project2_Uart_FIFO_Stopwatch_watch/project_1\vivado.jou
#-----------------------------------------------------------
start_gui
open_project C:/Users/parkj/Desktop/Project2_Uart_FIFO_Stopwatch_watch/project_1/project_1.xpr
INFO: [Project 1-313] Project file moved from 'C:/Users/parkj/Desktop/Verilog_Project2_UART_FIFO_STOPWATCH_WATCH/project_1' since last save.
WARNING: [filemgmt 56-2] Default IP Output Path : Could not find the directory 'C:/Users/parkj/Desktop/Project2_Uart_FIFO_Stopwatch_watch/project_1/project_1.gen/sources_1', nor could it be found using path 'C:/Users/parkj/Desktop/Verilog_Project2_UART_FIFO_STOPWATCH_WATCH/project_1/project_1.gen/sources_1'.
Scanning sources...
Finished scanning sources
INFO: [IP_Flow 19-234] Refreshing IP repositories
INFO: [IP_Flow 19-1704] No user IP repositories specified
INFO: [IP_Flow 19-2313] Loaded Vivado IP repository 'C:/migtell/Vivado/2020.2/data/ip'.
update_compile_order -fileset sources_1
reset_run synth_1
launch_runs impl_1 -to_step write_bitstream -jobs 8
[Sun Mar 23 11:23:41 2025] Launched synth_1...
Run output will be captured here: C:/Users/parkj/Desktop/Project2_Uart_FIFO_Stopwatch_watch/project_1/project_1.runs/synth_1/runme.log
[Sun Mar 23 11:23:41 2025] Launched impl_1...
Run output will be captured here: C:/Users/parkj/Desktop/Project2_Uart_FIFO_Stopwatch_watch/project_1/project_1.runs/impl_1/runme.log
open_hw_manager
connect_hw_server -allow_non_jtag
INFO: [Labtools 27-2285] Connecting to hw_server url TCP:localhost:3121
INFO: [Labtools 27-2222] Launching hw_server...
INFO: [Labtools 27-2221] Launch Output:

****** Xilinx hw_server v2020.2
  **** Build date : Nov 18 2020 at 10:01:48
    ** Copyright 1986-2020 Xilinx, Inc. All Rights Reserved.


INFO: [Labtools 27-3415] Connecting to cs_server url TCP:localhost:3042
INFO: [Labtools 27-3417] Launching cs_server...
INFO: [Labtools 27-2221] Launch Output:


******** Xilinx cs_server v2020.2
  ****** Build date   : Nov 04 2020-06:02:56
    **** Build number : 2020.2.1604437376
      ** Copyright 2017-2020 Xilinx, Inc. All Rights Reserved.



connect_hw_server: Time (s): cpu = 00:00:01 ; elapsed = 00:00:10 . Memory (MB): peak = 1136.289 ; gain = 0.000
open_hw_target
INFO: [Labtoolstcl 44-466] Opening hw_target localhost:3121/xilinx_tcf/Digilent/210183B9AD18A
set_property PROGRAM.FILE {C:/Users/parkj/Desktop/Project2_Uart_FIFO_Stopwatch_watch/project_1/project_1.runs/impl_1/top_stopwatch.bit} [get_hw_devices xc7a35t_0]
current_hw_device [get_hw_devices xc7a35t_0]
refresh_hw_device -update_hw_probes false [lindex [get_hw_devices xc7a35t_0] 0]
INFO: [Labtools 27-1434] Device xc7a35t (JTAG device index = 0) is programmed with a design that has no supported debug core(s) in it.
set_property PROBES.FILE {} [get_hw_devices xc7a35t_0]
set_property FULL_PROBES.FILE {} [get_hw_devices xc7a35t_0]
set_property PROGRAM.FILE {C:/Users/parkj/Desktop/Project2_Uart_FIFO_Stopwatch_watch/project_1/project_1.runs/impl_1/top_stopwatch.bit} [get_hw_devices xc7a35t_0]
program_hw_devices [get_hw_devices xc7a35t_0]
INFO: [Labtools 27-3164] End of startup status: HIGH
refresh_hw_device [lindex [get_hw_devices xc7a35t_0] 0]
INFO: [Labtools 27-1434] Device xc7a35t (JTAG device index = 0) is programmed with a design that has no supported debug core(s) in it.
ERROR: [Labtoolstcl 44-513] HW Target shutdown. Closing target: localhost:3121/xilinx_tcf/Digilent/210183B9AD18A
exit
INFO: [Common 17-206] Exiting Vivado at Sun Mar 23 12:19:11 2025...
